#
# A fatal error has been detected by the Java Runtime Environment:
#
#  SIGSEGV (0xb) at pc=0xb6b10448, pid=5583, tid=1780005696
#
# JRE version: OpenJDK Runtime Environment (7.0_65-b32) (build 1.7.0_65-b32)
# Java VM: OpenJDK Server VM (24.65-b04 mixed mode linux-x86 )
# Derivative: IcedTea 2.5.3
# Distribution: Ubuntu 14.04 LTS, package 7u71-2.5.3-0ubuntu0.14.04.1
# Problematic frame:
# V  [libjvm.so+0x4b4448]  java_lang_String::utf8_length(oopDesc*)+0x58
#
# Failed to write core dump. Core dumps have been disabled. To enable core dumping, try "ulimit -c unlimited" before starting Java again
#
# If you would like to submit a bug report, please include
# instructions on how to reproduce the bug and visit:
#   http://icedtea.classpath.org/bugzilla
#

---------------  T H R E A D  ---------------

Current thread (0x6a32fc00):  JavaThread "JDWP Transport Listener: dt_socket" daemon [_thread_in_vm, id=5597, stack(0x6a13b000,0x6a18c000)]

siginfo:si_signo=SIGSEGV: si_errno=0, si_code=1 (SEGV_MAPERR), si_addr=0x00000008

Registers:
EAX=0x9e6a4c38, EBX=0xb709a000, ECX=0x00000000, EDX=0x00000000
ESP=0x6a18af40, EBP=0x6a18afd8, ESI=0x00000000, EDI=0x08c4f718
EIP=0xb6b10448, EFLAGS=0x00010246, CR2=0x00000008

Top of Stack: (sp=0x6a18af40)
0x6a18af40:   6a32fc00 00000000 6a18af78 b647789f
0x6a18af50:   b6b103f9 b709a000 6a32fc00 b6b1ec76
0x6a18af60:   9e6a4c38 00000001 b647782b b648c000
0x6a18af70:   08c4f718 6a18b02c 6a18afa8 9e6a4c38
0x6a18af80:   6a32fc00 00000000 6a18afb8 00000000
0x6a18af90:   00000190 6cf008a8 b6476c5b b648c000
0x6a18afa0:   6a32fd28 08c4f718 6a18afd8 b645620c
0x6a18afb0:   6a32fd28 08c4f718 00000000 b646b96c 

Instructions: (pc=0xb6b10448)
0xb6b10428:   10 8d 4c 4e 0c 31 c0 85 d2 0f 45 c1 89 54 24 04
0xb6b10438:   89 04 24 e8 30 2b 33 00 83 c4 14 5b 5e c3 66 90
0xb6b10448:   8b 56 08 eb dc 90 66 90 56 31 c9 53 e8 97 5e c0
0xb6b10458:   ff 81 c3 a7 9b 58 00 83 ec 14 8b 44 24 20 8b 93 

Register to memory mapping:

EAX=0x9e6a4c38 is an oop
java.lang.String 
 - klass: 'java/lang/String'
EBX=0xb709a000: <offset 0xa3e000> in /usr/lib/jvm/java-7-openjdk-i386/jre/lib/i386/server/libjvm.so at 0xb665c000
ECX=0x00000000 is an unknown value
EDX=0x00000000 is an unknown value
ESP=0x6a18af40 is pointing into the stack for thread: 0x6a32fc00
EBP=0x6a18afd8 is pointing into the stack for thread: 0x6a32fc00
ESI=0x00000000 is an unknown value
EDI=0x08c4f718 is a global jni handle


Stack: [0x6a13b000,0x6a18c000],  sp=0x6a18af40,  free space=319k
Native frames: (J=compiled Java code, j=interpreted, Vv=VM code, C=native code)
V  [libjvm.so+0x4b4448]  java_lang_String::utf8_length(oopDesc*)+0x58
C  [libjdwp.so+0x12689]
C  [libjdwp.so+0x25aaf]
C  [libjdwp.so+0x25f4c]


---------------  P R O C E S S  ---------------

Java Threads: ( => current thread )
  0x6a338800 JavaThread "Service Thread" daemon [_thread_blocked, id=5605, stack(0x69f46000,0x69f97000)]
  0x6a336400 JavaThread "C2 CompilerThread1" daemon [_thread_blocked, id=5604, stack(0x69f97000,0x6a018000)]
  0x6a334000 JavaThread "C2 CompilerThread0" daemon [_thread_blocked, id=5603, stack(0x6a018000,0x6a099000)]
  0x08c4f800 JavaThread "JDWP Command Reader" daemon [_thread_in_native, id=5601, stack(0x6a099000,0x6a0ea000)]
  0x6a332400 JavaThread "JDWP Event Helper Thread" daemon [_thread_blocked, id=5600, stack(0x6a0ea000,0x6a13b000)]
=>0x6a32fc00 JavaThread "JDWP Transport Listener: dt_socket" daemon [_thread_in_vm, id=5597, stack(0x6a13b000,0x6a18c000)]
  0x6a327400 JavaThread "Signal Dispatcher" daemon [_thread_blocked, id=5595, stack(0x6a18c000,0x6a1dd000)]
  0x6a315000 JavaThread "Finalizer" daemon [_thread_blocked, id=5594, stack(0x6a1dd000,0x6a22e000)]
  0x6a313800 JavaThread "Reference Handler" daemon [_thread_blocked, id=5593, stack(0x6a22e000,0x6a27f000)]
  0xb6309800 JavaThread "main" [_thread_blocked, id=5585, stack(0xb64bf000,0xb6510000)]

Other Threads:
  0x6a311000 VMThread [stack: 0x6a27f000,0x6a300000] [id=5592]
  0x6a33a400 WatcherThread [stack: 0x69ec5000,0x69f46000] [id=5606]

VM state:not at safepoint (normal execution)

VM Mutex/Monitor currently owned by a thread: None

Heap
 PSYoungGen      total 18432K, used 952K [0x9e600000, 0x9fa80000, 0xb2ec0000)
  eden space 15872K, 6% used [0x9e600000,0x9e6ee280,0x9f580000)
  from space 2560K, 0% used [0x9f800000,0x9f800000,0x9fa80000)
  to   space 2560K, 0% used [0x9f580000,0x9f580000,0x9f800000)
 ParOldGen       total 41984K, used 0K [0x754c0000, 0x77dc0000, 0x9e600000)
  object space 41984K, 0% used [0x754c0000,0x754c0000,0x77dc0000)
 PSPermGen       total 16384K, used 1932K [0x6d4c0000, 0x6e4c0000, 0x754c0000)
  object space 16384K, 11% used [0x6d4c0000,0x6d6a3170,0x6e4c0000)

Card table byte_map: [0x6d292000,0x6d4c0000] byte_map_base: 0x6cf27a00

Polling page: 0xb76c4000

Code Cache  [0xb2f82000, 0xb31c2000, 0xb5f82000)
 total_blobs=90 nmethods=0 adapters=68 free_code_cache=48865Kb largest_free_block=50038016

Compilation events (0 events):
No events

GC Heap History (0 events):
No events

Deoptimization events (0 events):
No events

Internal exceptions (8 events):
Event: 0,042 Thread 0xb6309800 Threw 0x9e60e090 at /build/buildd/openjdk-7-7u71-2.5.3/build/openjdk/hotspot/src/share/vm/prims/jni.cpp:3995
Event: 0,145 Thread 0xb6309800 Threw 0x9e6466d8 at /build/buildd/openjdk-7-7u71-2.5.3/build/openjdk/hotspot/src/share/vm/prims/jni.cpp:721
Event: 0,146 Thread 0xb6309800 Threw 0x9e646848 at /build/buildd/openjdk-7-7u71-2.5.3/build/openjdk/hotspot/src/share/vm/prims/jvm.cpp:1284
Event: 0,146 Thread 0xb6309800 Threw 0x9e646960 at /build/buildd/openjdk-7-7u71-2.5.3/build/openjdk/hotspot/src/share/vm/prims/jvm.cpp:1284
Event: 0,146 Thread 0xb6309800 Threw 0x9e646b90 at /build/buildd/openjdk-7-7u71-2.5.3/build/openjdk/hotspot/src/share/vm/prims/jvm.cpp:1284
Event: 0,150 Thread 0xb6309800 Threw 0x9e64cee8 at /build/buildd/openjdk-7-7u71-2.5.3/build/openjdk/hotspot/src/share/vm/prims/jvm.cpp:1284
Event: 0,151 Thread 0xb6309800 Threw 0x9e69f878 at /build/buildd/openjdk-7-7u71-2.5.3/build/openjdk/hotspot/src/share/vm/prims/jvm.cpp:1284
Event: 0,152 Thread 0xb6309800 Threw 0x9e6a2c70 at /build/buildd/openjdk-7-7u71-2.5.3/build/openjdk/hotspot/src/share/vm/prims/jvm.cpp:1284

Events (10 events):
Event: 279,203 Executing VM operation: GetCurrentLocation
Event: 279,203 Executing VM operation: GetCurrentLocation done
Event: 279,203 Executing VM operation: ChangeSingleStep
Event: 279,203 Executing VM operation: ChangeSingleStep done
Event: 279,204 Executing VM operation: ChangeSingleStep
Event: 279,204 Executing VM operation: ChangeSingleStep done
Event: 279,211 Executing VM operation: GetOrSetLocal
Event: 279,211 Executing VM operation: GetOrSetLocal done
Event: 279,218 Executing VM operation: GetOrSetLocal
Event: 279,218 Executing VM operation: GetOrSetLocal done


Dynamic libraries:
08048000-08049000 r-xp 00000000 08:01 58731361   /usr/lib/jvm/java-7-openjdk-i386/jre/bin/java
08049000-0804a000 r--p 00000000 08:01 58731361   /usr/lib/jvm/java-7-openjdk-i386/jre/bin/java
0804a000-0804b000 rw-p 00001000 08:01 58731361   /usr/lib/jvm/java-7-openjdk-i386/jre/bin/java
08c4d000-08c6e000 rw-p 00000000 00:00 0          [heap]
69cb5000-69ec5000 rw-p 00000000 00:00 0 
69ec5000-69ec6000 ---p 00000000 00:00 0 
69ec6000-69f46000 rw-p 00000000 00:00 0          [stack:5606]
69f46000-69f49000 ---p 00000000 00:00 0 
69f49000-69f97000 rw-p 00000000 00:00 0          [stack:5605]
69f97000-69f9a000 ---p 00000000 00:00 0 
69f9a000-6a018000 rw-p 00000000 00:00 0          [stack:5604]
6a018000-6a01b000 ---p 00000000 00:00 0 
6a01b000-6a099000 rw-p 00000000 00:00 0          [stack:5603]
6a099000-6a09c000 ---p 00000000 00:00 0 
6a09c000-6a0ea000 rw-p 00000000 00:00 0          [stack:5601]
6a0ea000-6a0ed000 ---p 00000000 00:00 0 
6a0ed000-6a13b000 rw-p 00000000 00:00 0          [stack:5600]
6a13b000-6a13e000 ---p 00000000 00:00 0 
6a13e000-6a18c000 rw-p 00000000 00:00 0          [stack:5597]
6a18c000-6a18f000 ---p 00000000 00:00 0 
6a18f000-6a1dd000 rw-p 00000000 00:00 0          [stack:5595]
6a1dd000-6a1e0000 ---p 00000000 00:00 0 
6a1e0000-6a22e000 rw-p 00000000 00:00 0          [stack:5594]
6a22e000-6a231000 ---p 00000000 00:00 0 
6a231000-6a27f000 rw-p 00000000 00:00 0          [stack:5593]
6a27f000-6a280000 ---p 00000000 00:00 0 
6a280000-6a300000 rw-p 00000000 00:00 0          [stack:5592]
6a300000-6a385000 rw-p 00000000 00:00 0 
6a385000-6a400000 ---p 00000000 00:00 0 
6a425000-6a5d6000 r--s 01d25000 08:01 58724689   /usr/lib/jvm/java-7-openjdk-i386/jre/lib/rt.jar
6a5d6000-6cd00000 rw-p 00000000 00:00 0 
6cd00000-6cd21000 rw-p 00000000 00:00 0 
6cd21000-6ce00000 ---p 00000000 00:00 0 
6ce41000-6cf00000 rw-p 00000000 00:00 0 
6cf00000-6cf21000 rw-p 00000000 00:00 0 
6cf21000-6d000000 ---p 00000000 00:00 0 
6d000000-6d004000 r--s 00034000 08:01 58731325   /usr/lib/jvm/java-7-openjdk-i386/jre/lib/ext/sunjce_provider.jar
6d004000-6d007000 r--s 0000f000 08:01 58731327   /usr/lib/jvm/java-7-openjdk-i386/jre/lib/ext/icedtea-sound.jar
6d007000-6d008000 ---p 00000000 00:00 0 
6d008000-6d088000 rw-p 00000000 00:00 0          [stack:5591]
6d088000-6d089000 ---p 00000000 00:00 0 
6d089000-6d111000 rw-p 00000000 00:00 0          [stack:5590]
6d111000-6d149000 rw-p 00000000 00:00 0 
6d149000-6d15e000 rw-p 00000000 00:00 0 
6d15e000-6d292000 rw-p 00000000 00:00 0 
6d292000-6d29a000 rw-p 00000000 00:00 0 
6d29a000-6d2d2000 rw-p 00000000 00:00 0 
6d2d2000-6d2e7000 rw-p 00000000 00:00 0 
6d2e7000-6d41a000 rw-p 00000000 00:00 0 
6d41a000-6d425000 rw-p 00000000 00:00 0 
6d425000-6d4bf000 rw-p 00000000 00:00 0 
6d4bf000-6e4c0000 rw-p 00000000 00:00 0 
6e4c0000-754c0000 rw-p 00000000 00:00 0 
754c0000-77dc0000 rw-p 00000000 00:00 0 
77dc0000-9e600000 rw-p 00000000 00:00 0 
9e600000-9fa80000 rw-p 00000000 00:00 0 
9fa80000-b2ec0000 rw-p 00000000 00:00 0 
b2ec0000-b2ec2000 r--s 00006000 08:01 59116449   /usr/share/java/java-atk-wrapper.jar
b2ec2000-b2ecb000 rw-p 00000000 00:00 0 
b2ecb000-b2f82000 rw-p 00000000 00:00 0 
b2f82000-b31c2000 rwxp 00000000 00:00 0 
b31c2000-b5f82000 rw-p 00000000 00:00 0 
b5f82000-b5f8d000 r-xp 00000000 08:01 42729511   /lib/i386-linux-gnu/libnss_files-2.19.so
b5f8d000-b5f8e000 r--p 0000a000 08:01 42729511   /lib/i386-linux-gnu/libnss_files-2.19.so
b5f8e000-b5f8f000 rw-p 0000b000 08:01 42729511   /lib/i386-linux-gnu/libnss_files-2.19.so
b5f8f000-b6100000 r--p 003f9000 08:01 58727080   /usr/lib/locale/locale-archive
b6100000-b6300000 r--p 00000000 08:01 58727080   /usr/lib/locale/locale-archive
b6300000-b63fe000 rw-p 00000000 00:00 0 
b63fe000-b6400000 ---p 00000000 00:00 0 
b6400000-b6401000 rw-p 00000000 00:00 0 
b6401000-b640b000 r-xp 00000000 08:01 42733612   /lib/i386-linux-gnu/libnss_nis-2.19.so
b640b000-b640c000 r--p 00009000 08:01 42733612   /lib/i386-linux-gnu/libnss_nis-2.19.so
b640c000-b640d000 rw-p 0000a000 08:01 42733612   /lib/i386-linux-gnu/libnss_nis-2.19.so
b640d000-b6422000 r-xp 00000000 08:01 42733608   /lib/i386-linux-gnu/libnsl-2.19.so
b6422000-b6423000 r--p 00015000 08:01 42733608   /lib/i386-linux-gnu/libnsl-2.19.so
b6423000-b6424000 rw-p 00016000 08:01 42733608   /lib/i386-linux-gnu/libnsl-2.19.so
b6424000-b6426000 rw-p 00000000 00:00 0 
b6426000-b642d000 r-xp 00000000 08:01 42729525   /lib/i386-linux-gnu/libnss_compat-2.19.so
b642d000-b642e000 r--p 00006000 08:01 42729525   /lib/i386-linux-gnu/libnss_compat-2.19.so
b642e000-b642f000 rw-p 00007000 08:01 42729525   /lib/i386-linux-gnu/libnss_compat-2.19.so
b642f000-b6430000 rw-p 00000000 00:00 0 
b6430000-b6434000 r--s 00085000 08:01 58731335   /usr/lib/jvm/java-7-openjdk-i386/jre/lib/ext/localedata.jar
b6434000-b6438000 r--s 0003c000 08:01 58731329   /usr/lib/jvm/java-7-openjdk-i386/jre/lib/ext/sunpkcs11.jar
b6438000-b643a000 r--s 00012000 08:01 58731331   /usr/lib/jvm/java-7-openjdk-i386/jre/lib/ext/zipfs.jar
b643a000-b643b000 r--s 00002000 08:01 58731333   /usr/lib/jvm/java-7-openjdk-i386/jre/lib/ext/dnsns.jar
b643b000-b6443000 r-xp 00000000 08:01 58730509   /usr/lib/jvm/java-7-openjdk-i386/jre/lib/i386/libzip.so
b6443000-b6444000 r--p 00007000 08:01 58730509   /usr/lib/jvm/java-7-openjdk-i386/jre/lib/i386/libzip.so
b6444000-b6445000 rw-p 00008000 08:01 58730509   /usr/lib/jvm/java-7-openjdk-i386/jre/lib/i386/libzip.so
b6445000-b644d000 rw-s 00000000 08:01 49283095   /tmp/hsperfdata_goran/5583
b644d000-b648b000 r-xp 00000000 08:01 58730656   /usr/lib/jvm/java-7-openjdk-i386/jre/lib/i386/libjdwp.so
b648b000-b648c000 r--p 0003d000 08:01 58730656   /usr/lib/jvm/java-7-openjdk-i386/jre/lib/i386/libjdwp.so
b648c000-b648d000 rw-p 0003e000 08:01 58730656   /usr/lib/jvm/java-7-openjdk-i386/jre/lib/i386/libjdwp.so
b648d000-b64b4000 r-xp 00000000 08:01 58730507   /usr/lib/jvm/java-7-openjdk-i386/jre/lib/i386/libjava.so
b64b4000-b64b5000 r--p 00026000 08:01 58730507   /usr/lib/jvm/java-7-openjdk-i386/jre/lib/i386/libjava.so
b64b5000-b64b6000 rw-p 00027000 08:01 58730507   /usr/lib/jvm/java-7-openjdk-i386/jre/lib/i386/libjava.so
b64b6000-b64bd000 r-xp 00000000 08:01 42733584   /lib/i386-linux-gnu/librt-2.19.so
b64bd000-b64be000 r--p 00006000 08:01 42733584   /lib/i386-linux-gnu/librt-2.19.so
b64be000-b64bf000 rw-p 00007000 08:01 42733584   /lib/i386-linux-gnu/librt-2.19.so
b64bf000-b64c2000 ---p 00000000 00:00 0 
b64c2000-b6510000 rw-p 00000000 00:00 0          [stack:5585]
b6510000-b652c000 r-xp 00000000 08:01 42729568   /lib/i386-linux-gnu/libgcc_s.so.1
b652c000-b652d000 rw-p 0001b000 08:01 42729568   /lib/i386-linux-gnu/libgcc_s.so.1
b652d000-b6571000 r-xp 00000000 08:01 42733609   /lib/i386-linux-gnu/libm-2.19.so
b6571000-b6572000 r--p 00043000 08:01 42733609   /lib/i386-linux-gnu/libm-2.19.so
b6572000-b6573000 rw-p 00044000 08:01 42733609   /lib/i386-linux-gnu/libm-2.19.so
b6573000-b664f000 r-xp 00000000 08:01 58720602   /usr/lib/i386-linux-gnu/libstdc++.so.6.0.19
b664f000-b6650000 ---p 000dc000 08:01 58720602   /usr/lib/i386-linux-gnu/libstdc++.so.6.0.19
b6650000-b6654000 r--p 000dc000 08:01 58720602   /usr/lib/i386-linux-gnu/libstdc++.so.6.0.19
b6654000-b6655000 rw-p 000e0000 08:01 58720602   /usr/lib/i386-linux-gnu/libstdc++.so.6.0.19
b6655000-b665c000 rw-p 00000000 00:00 0 
b665c000-b7047000 r-xp 00000000 08:01 58730956   /usr/lib/jvm/java-7-openjdk-i386/jre/lib/i386/server/libjvm.so
b7047000-b7048000 ---p 009eb000 08:01 58730956   /usr/lib/jvm/java-7-openjdk-i386/jre/lib/i386/server/libjvm.so
b7048000-b709a000 r--p 009eb000 08:01 58730956   /usr/lib/jvm/java-7-openjdk-i386/jre/lib/i386/server/libjvm.so
b709a000-b70ae000 rw-p 00a3d000 08:01 58730956   /usr/lib/jvm/java-7-openjdk-i386/jre/lib/i386/server/libjvm.so
b70ae000-b74cb000 rw-p 00000000 00:00 0 
b74cb000-b74e3000 r-xp 00000000 08:01 42730579   /lib/i386-linux-gnu/libz.so.1.2.8
b74e3000-b74e4000 r--p 00017000 08:01 42730579   /lib/i386-linux-gnu/libz.so.1.2.8
b74e4000-b74e5000 rw-p 00018000 08:01 42730579   /lib/i386-linux-gnu/libz.so.1.2.8
b74e5000-b74e6000 rw-p 00000000 00:00 0 
b74e6000-b74fe000 r-xp 00000000 08:01 42734930   /lib/i386-linux-gnu/libpthread-2.19.so
b74fe000-b74ff000 r--p 00017000 08:01 42734930   /lib/i386-linux-gnu/libpthread-2.19.so
b74ff000-b7500000 rw-p 00018000 08:01 42734930   /lib/i386-linux-gnu/libpthread-2.19.so
b7500000-b7502000 rw-p 00000000 00:00 0 
b7502000-b7505000 r-xp 00000000 08:01 42734932   /lib/i386-linux-gnu/libdl-2.19.so
b7505000-b7506000 r--p 00002000 08:01 42734932   /lib/i386-linux-gnu/libdl-2.19.so
b7506000-b7507000 rw-p 00003000 08:01 42734932   /lib/i386-linux-gnu/libdl-2.19.so
b7507000-b76b0000 r-xp 00000000 08:01 42734922   /lib/i386-linux-gnu/libc-2.19.so
b76b0000-b76b1000 ---p 001a9000 08:01 42734922   /lib/i386-linux-gnu/libc-2.19.so
b76b1000-b76b3000 r--p 001a9000 08:01 42734922   /lib/i386-linux-gnu/libc-2.19.so
b76b3000-b76b4000 rw-p 001ab000 08:01 42734922   /lib/i386-linux-gnu/libc-2.19.so
b76b4000-b76b7000 rw-p 00000000 00:00 0 
b76b7000-b76bb000 r-xp 00000000 08:01 58730973   /usr/lib/jvm/java-7-openjdk-i386/jre/lib/i386/libdt_socket.so
b76bb000-b76bc000 r--p 00003000 08:01 58730973   /usr/lib/jvm/java-7-openjdk-i386/jre/lib/i386/libdt_socket.so
b76bc000-b76bd000 rw-p 00004000 08:01 58730973   /usr/lib/jvm/java-7-openjdk-i386/jre/lib/i386/libdt_socket.so
b76bd000-b76be000 r--p 002c5000 08:01 58727080   /usr/lib/locale/locale-archive
b76be000-b76c1000 r-xp 00000000 08:01 58730573   /usr/lib/jvm/java-7-openjdk-i386/jre/lib/i386/libnpt.so
b76c1000-b76c2000 r--p 00002000 08:01 58730573   /usr/lib/jvm/java-7-openjdk-i386/jre/lib/i386/libnpt.so
b76c2000-b76c3000 rw-p 00003000 08:01 58730573   /usr/lib/jvm/java-7-openjdk-i386/jre/lib/i386/libnpt.so
b76c3000-b76c4000 rw-p 00000000 00:00 0 
b76c4000-b76c5000 r--p 00000000 00:00 0 
b76c5000-b76d3000 r-xp 00000000 08:01 58730967   /usr/lib/jvm/java-7-openjdk-i386/jre/lib/i386/libverify.so
b76d3000-b76d4000 r--p 0000d000 08:01 58730967   /usr/lib/jvm/java-7-openjdk-i386/jre/lib/i386/libverify.so
b76d4000-b76d5000 rw-p 0000e000 08:01 58730967   /usr/lib/jvm/java-7-openjdk-i386/jre/lib/i386/libverify.so
b76d5000-b76e1000 r-xp 00000000 08:01 58730971   /usr/lib/jvm/java-7-openjdk-i386/jre/lib/i386/jli/libjli.so
b76e1000-b76e2000 r--p 0000c000 08:01 58730971   /usr/lib/jvm/java-7-openjdk-i386/jre/lib/i386/jli/libjli.so
b76e2000-b76e3000 rw-p 0000d000 08:01 58730971   /usr/lib/jvm/java-7-openjdk-i386/jre/lib/i386/jli/libjli.so
b76e3000-b76e6000 rw-p 00000000 00:00 0 
b76e6000-b76e7000 r-xp 00000000 00:00 0          [vdso]
b76e7000-b7707000 r-xp 00000000 08:01 42734931   /lib/i386-linux-gnu/ld-2.19.so
b7707000-b7708000 r--p 0001f000 08:01 42734931   /lib/i386-linux-gnu/ld-2.19.so
b7708000-b7709000 rw-p 00020000 08:01 42734931   /lib/i386-linux-gnu/ld-2.19.so
bfde7000-bfde8000 rwxp 00000000 00:00 0 
bfe1a000-bfe3b000 rw-p 00000000 00:00 0          [stack]

VM Arguments:
jvm_args: -agentlib:jdwp=transport=dt_socket,suspend=y,address=localhost:52978 -Dfile.encoding=UTF-8 
java_command: com.gmail.gboban70.awtanimation.AWTAnimationApp
Launcher Type: SUN_STANDARD

Environment Variables:
PATH=/usr/local/sbin:/usr/local/bin:/usr/sbin:/usr/bin:/sbin:/bin:/usr/games:/usr/local/games
LD_LIBRARY_PATH=/usr/lib/jvm/java-7-openjdk-i386/jre/lib/i386/server:/usr/lib/jvm/java-7-openjdk-i386/jre/lib/i386:/usr/lib/jvm/java-7-openjdk-i386/jre/../lib/i386:/usr/lib/jvm/java-7-openjdk-i386/jre/lib/i386/client:/usr/lib/jvm/java-7-openjdk-i386/jre/lib/i386:
SHELL=/bin/bash
DISPLAY=:0

Signal Handlers:
SIGSEGV: [libjvm.so+0x80a5e0], sa_mask[0]=0x7ffbfeff, sa_flags=0x10000004
SIGBUS: [libjvm.so+0x80a5e0], sa_mask[0]=0x7ffbfeff, sa_flags=0x10000004
SIGFPE: [libjvm.so+0x6844f0], sa_mask[0]=0x7ffbfeff, sa_flags=0x10000004
SIGPIPE: [libjvm.so+0x6844f0], sa_mask[0]=0x7ffbfeff, sa_flags=0x10000004
SIGXFSZ: [libjvm.so+0x6844f0], sa_mask[0]=0x7ffbfeff, sa_flags=0x10000004
SIGILL: [libjvm.so+0x6844f0], sa_mask[0]=0x7ffbfeff, sa_flags=0x10000004
SIGUSR1: SIG_DFL, sa_mask[0]=0x00000000, sa_flags=0x00000000
SIGUSR2: [libjvm.so+0x684380], sa_mask[0]=0x00000004, sa_flags=0x10000004
SIGHUP: [libjvm.so+0x6845b0], sa_mask[0]=0x7ffbfeff, sa_flags=0x10000004
SIGINT: [libjvm.so+0x6845b0], sa_mask[0]=0x7ffbfeff, sa_flags=0x10000004
SIGTERM: [libjvm.so+0x6845b0], sa_mask[0]=0x7ffbfeff, sa_flags=0x10000004
SIGQUIT: [libjvm.so+0x6845b0], sa_mask[0]=0x7ffbfeff, sa_flags=0x10000004
SIGTRAP: SIG_DFL, sa_mask[0]=0x00000000, sa_flags=0x00000000


---------------  S Y S T E M  ---------------

OS:Ubuntu 14.04 (trusty)
uname:Linux 3.13.0-40-generic #69-Ubuntu SMP Thu Nov 13 17:56:26 UTC 2014 i686
libc:glibc 2.19 NPTL 2.19 
rlimit: STACK 8192k, CORE 0k, NPROC 31348, NOFILE 4096, AS infinity
load average:1,18 0,71 0,45

/proc/meminfo:
MemTotal:        4031868 kB
MemFree:          261884 kB
Buffers:          494912 kB
Cached:          1638336 kB
SwapCached:            0 kB
Active:          2075008 kB
Inactive:        1471208 kB
Active(anon):    1374420 kB
Inactive(anon):   316520 kB
Active(file):     700588 kB
Inactive(file):  1154688 kB
Unevictable:          48 kB
Mlocked:              48 kB
HighTotal:       3181824 kB
HighFree:         200816 kB
LowTotal:         850044 kB
LowFree:           61068 kB
SwapTotal:       4091900 kB
SwapFree:        4091884 kB
Dirty:               128 kB
Writeback:             0 kB
AnonPages:       1413204 kB
Mapped:           312788 kB
Shmem:            277800 kB
Slab:             183372 kB
SReclaimable:     160600 kB
SUnreclaim:        22772 kB
KernelStack:        4256 kB
PageTables:        15956 kB
NFS_Unstable:          0 kB
Bounce:                0 kB
WritebackTmp:          0 kB
CommitLimit:     6107832 kB
Committed_AS:    5365072 kB
VmallocTotal:     122880 kB
VmallocUsed:       18184 kB
VmallocChunk:     100944 kB
HardwareCorrupted:     0 kB
AnonHugePages:    671744 kB
HugePages_Total:       0
HugePages_Free:        0
HugePages_Rsvd:        0
HugePages_Surp:        0
Hugepagesize:       2048 kB
DirectMap4k:       38904 kB
DirectMap2M:      872448 kB


CPU:total 2 (2 cores per cpu, 1 threads per core) family 6 model 58 stepping 9, cmov, cx8, fxsr, mmx, sse, sse2, sse3, ssse3, sse4.1, sse4.2, popcnt, erms, tsc, tscinvbit, tscinv

/proc/cpuinfo:
processor	: 0
vendor_id	: GenuineIntel
cpu family	: 6
model		: 58
model name	: Intel(R) Pentium(R) CPU 2020M @ 2.40GHz
stepping	: 9
microcode	: 0x15
cpu MHz		: 2400.000
cache size	: 2048 KB
physical id	: 0
siblings	: 2
core id		: 0
cpu cores	: 2
apicid		: 0
initial apicid	: 0
fdiv_bug	: no
f00f_bug	: no
coma_bug	: no
fpu		: yes
fpu_exception	: yes
cpuid level	: 13
wp		: yes
flags		: fpu vme de pse tsc msr pae mce cx8 apic sep mtrr pge mca cmov pat pse36 clflush dts acpi mmx fxsr sse sse2 ss ht tm pbe nx rdtscp lm constant_tsc arch_perfmon pebs bts xtopology nonstop_tsc aperfmperf eagerfpu pni pclmulqdq dtes64 monitor ds_cpl vmx est tm2 ssse3 cx16 xtpr pdcm pcid sse4_1 sse4_2 x2apic popcnt tsc_deadline_timer xsave lahf_lm arat epb xsaveopt pln pts dtherm tpr_shadow vnmi flexpriority ept vpid fsgsbase smep erms
bogomips	: 4789.47
clflush size	: 64
cache_alignment	: 64
address sizes	: 36 bits physical, 48 bits virtual
power management:

processor	: 1
vendor_id	: GenuineIntel
cpu family	: 6
model		: 58
model name	: Intel(R) Pentium(R) CPU 2020M @ 2.40GHz
stepping	: 9
microcode	: 0x15
cpu MHz		: 1200.000
cache size	: 2048 KB
physical id	: 0
siblings	: 2
core id		: 1
cpu cores	: 2
apicid		: 2
initial apicid	: 2
fdiv_bug	: no
f00f_bug	: no
coma_bug	: no
fpu		: yes
fpu_exception	: yes
cpuid level	: 13
wp		: yes
flags		: fpu vme de pse tsc msr pae mce cx8 apic sep mtrr pge mca cmov pat pse36 clflush dts acpi mmx fxsr sse sse2 ss ht tm pbe nx rdtscp lm constant_tsc arch_perfmon pebs bts xtopology nonstop_tsc aperfmperf eagerfpu pni pclmulqdq dtes64 monitor ds_cpl vmx est tm2 ssse3 cx16 xtpr pdcm pcid sse4_1 sse4_2 x2apic popcnt tsc_deadline_timer xsave lahf_lm arat epb xsaveopt pln pts dtherm tpr_shadow vnmi flexpriority ept vpid fsgsbase smep erms
bogomips	: 4789.47
clflush size	: 64
cache_alignment	: 64
address sizes	: 36 bits physical, 48 bits virtual
power management:



Memory: 4k page, physical 4031868k(261884k free), swap 4091900k(4091884k free)

vm_info: OpenJDK Server VM (24.65-b04) for linux-x86 JRE (1.7.0_65-b32), built on Oct 22 2014 04:44:59 by "buildd" with gcc 4.8.2

time: Thu Nov 27 12:41:55 2014
elapsed time: 279 seconds

